The system is: Linux - 3.10.0-123.el7.x86_64 - x86_64
Compiling the C compiler identification source file "CMakeCCompilerId.c" succeeded.
Compiler: /bin/clang 
Build flags: 
Id flags: 

The output was:
0


Compilation of the C compiler identification source "CMakeCCompilerId.c" produced "a.out"

The C compiler identification is Clang, found in "/opt/stack/github/ml/CMakeFiles/2.8.11/CompilerIdC/a.out"

Compiling the CXX compiler identification source file "CMakeCXXCompilerId.cpp" succeeded.
Compiler: /bin/clang++ 
Build flags: 
Id flags: 

The output was:
0


Compilation of the CXX compiler identification source "CMakeCXXCompilerId.cpp" produced "a.out"

The CXX compiler identification is Clang, found in "/opt/stack/github/ml/CMakeFiles/2.8.11/CompilerIdCXX/a.out"

Determining if the C compiler works passed with the following output:
Change Dir: /opt/stack/github/ml/CMakeFiles/CMakeTmp

Run Build Command:/bin/gmake "cmTryCompileExec1450772861/fast"
/bin/gmake -f CMakeFiles/cmTryCompileExec1450772861.dir/build.make CMakeFiles/cmTryCompileExec1450772861.dir/build
gmake[1]: Entering directory `/opt/stack/github/ml/CMakeFiles/CMakeTmp'
/usr/bin/cmake -E cmake_progress_report /opt/stack/github/ml/CMakeFiles/CMakeTmp/CMakeFiles 1
Building C object CMakeFiles/cmTryCompileExec1450772861.dir/testCCompiler.c.o
/bin/clang    -o CMakeFiles/cmTryCompileExec1450772861.dir/testCCompiler.c.o   -c /opt/stack/github/ml/CMakeFiles/CMakeTmp/testCCompiler.c
Linking C executable cmTryCompileExec1450772861
/usr/bin/cmake -E cmake_link_script CMakeFiles/cmTryCompileExec1450772861.dir/link.txt --verbose=1
/bin/clang         CMakeFiles/cmTryCompileExec1450772861.dir/testCCompiler.c.o  -o cmTryCompileExec1450772861 -rdynamic 
gmake[1]: Leaving directory `/opt/stack/github/ml/CMakeFiles/CMakeTmp'


Detecting C compiler ABI info compiled with the following output:
Change Dir: /opt/stack/github/ml/CMakeFiles/CMakeTmp

Run Build Command:/bin/gmake "cmTryCompileExec3074878327/fast"
/bin/gmake -f CMakeFiles/cmTryCompileExec3074878327.dir/build.make CMakeFiles/cmTryCompileExec3074878327.dir/build
gmake[1]: Entering directory `/opt/stack/github/ml/CMakeFiles/CMakeTmp'
/usr/bin/cmake -E cmake_progress_report /opt/stack/github/ml/CMakeFiles/CMakeTmp/CMakeFiles 1
Building C object CMakeFiles/cmTryCompileExec3074878327.dir/CMakeCCompilerABI.c.o
/bin/clang    -o CMakeFiles/cmTryCompileExec3074878327.dir/CMakeCCompilerABI.c.o   -c /usr/share/cmake/Modules/CMakeCCompilerABI.c
Linking C executable cmTryCompileExec3074878327
/usr/bin/cmake -E cmake_link_script CMakeFiles/cmTryCompileExec3074878327.dir/link.txt --verbose=1
/bin/clang       -v CMakeFiles/cmTryCompileExec3074878327.dir/CMakeCCompilerABI.c.o  -o cmTryCompileExec3074878327 -rdynamic  
clang version 3.4.2 (tags/RELEASE_34/dot2-final)
Target: x86_64-redhat-linux-gnu
Thread model: posix
Found candidate GCC installation: /bin/../lib/gcc/x86_64-redhat-linux/4.8.2
Found candidate GCC installation: /bin/../lib/gcc/x86_64-redhat-linux/4.8.5
Found candidate GCC installation: /usr/lib/gcc/x86_64-redhat-linux/4.8.2
Found candidate GCC installation: /usr/lib/gcc/x86_64-redhat-linux/4.8.5
Selected GCC installation: /bin/../lib/gcc/x86_64-redhat-linux/4.8.5
 "/bin/ld" -export-dynamic --hash-style=gnu --no-add-needed --build-id --eh-frame-hdr -m elf_x86_64 -dynamic-linker /lib64/ld-linux-x86-64.so.2 -o cmTryCompileExec3074878327 /bin/../lib/gcc/x86_64-redhat-linux/4.8.5/../../../../lib64/crt1.o /bin/../lib/gcc/x86_64-redhat-linux/4.8.5/../../../../lib64/crti.o /bin/../lib/gcc/x86_64-redhat-linux/4.8.5/crtbegin.o -L/bin/../lib/gcc/x86_64-redhat-linux/4.8.5 -L/bin/../lib/gcc/x86_64-redhat-linux/4.8.5/../../../../lib64 -L/lib/../lib64 -L/usr/lib/../lib64 -L/bin/../lib/gcc/x86_64-redhat-linux/4.8.5/../../.. -L/lib -L/usr/lib CMakeFiles/cmTryCompileExec3074878327.dir/CMakeCCompilerABI.c.o -lgcc --as-needed -lgcc_s --no-as-needed -lc -lgcc --as-needed -lgcc_s --no-as-needed /bin/../lib/gcc/x86_64-redhat-linux/4.8.5/crtend.o /bin/../lib/gcc/x86_64-redhat-linux/4.8.5/../../../../lib64/crtn.o
gmake[1]: Leaving directory `/opt/stack/github/ml/CMakeFiles/CMakeTmp'


Parsed C implicit link information from above output:
  link line regex: [^( *|.*[/\])(ld|ld|collect2)[^/\]*( |$)]
  ignore line: [Change Dir: /opt/stack/github/ml/CMakeFiles/CMakeTmp]
  ignore line: []
  ignore line: [Run Build Command:/bin/gmake "cmTryCompileExec3074878327/fast"]
  ignore line: [/bin/gmake -f CMakeFiles/cmTryCompileExec3074878327.dir/build.make CMakeFiles/cmTryCompileExec3074878327.dir/build]
  ignore line: [gmake[1]: Entering directory `/opt/stack/github/ml/CMakeFiles/CMakeTmp']
  ignore line: [/usr/bin/cmake -E cmake_progress_report /opt/stack/github/ml/CMakeFiles/CMakeTmp/CMakeFiles 1]
  ignore line: [Building C object CMakeFiles/cmTryCompileExec3074878327.dir/CMakeCCompilerABI.c.o]
  ignore line: [/bin/clang    -o CMakeFiles/cmTryCompileExec3074878327.dir/CMakeCCompilerABI.c.o   -c /usr/share/cmake/Modules/CMakeCCompilerABI.c]
  ignore line: [Linking C executable cmTryCompileExec3074878327]
  ignore line: [/usr/bin/cmake -E cmake_link_script CMakeFiles/cmTryCompileExec3074878327.dir/link.txt --verbose=1]
  ignore line: [/bin/clang       -v CMakeFiles/cmTryCompileExec3074878327.dir/CMakeCCompilerABI.c.o  -o cmTryCompileExec3074878327 -rdynamic  ]
  ignore line: [clang version 3.4.2 (tags/RELEASE_34/dot2-final)]
  ignore line: [Target: x86_64-redhat-linux-gnu]
  ignore line: [Thread model: posix]
  ignore line: [Found candidate GCC installation: /bin/../lib/gcc/x86_64-redhat-linux/4.8.2]
  ignore line: [Found candidate GCC installation: /bin/../lib/gcc/x86_64-redhat-linux/4.8.5]
  ignore line: [Found candidate GCC installation: /usr/lib/gcc/x86_64-redhat-linux/4.8.2]
  ignore line: [Found candidate GCC installation: /usr/lib/gcc/x86_64-redhat-linux/4.8.5]
  ignore line: [Selected GCC installation: /bin/../lib/gcc/x86_64-redhat-linux/4.8.5]
  link line: [ "/bin/ld" -export-dynamic --hash-style=gnu --no-add-needed --build-id --eh-frame-hdr -m elf_x86_64 -dynamic-linker /lib64/ld-linux-x86-64.so.2 -o cmTryCompileExec3074878327 /bin/../lib/gcc/x86_64-redhat-linux/4.8.5/../../../../lib64/crt1.o /bin/../lib/gcc/x86_64-redhat-linux/4.8.5/../../../../lib64/crti.o /bin/../lib/gcc/x86_64-redhat-linux/4.8.5/crtbegin.o -L/bin/../lib/gcc/x86_64-redhat-linux/4.8.5 -L/bin/../lib/gcc/x86_64-redhat-linux/4.8.5/../../../../lib64 -L/lib/../lib64 -L/usr/lib/../lib64 -L/bin/../lib/gcc/x86_64-redhat-linux/4.8.5/../../.. -L/lib -L/usr/lib CMakeFiles/cmTryCompileExec3074878327.dir/CMakeCCompilerABI.c.o -lgcc --as-needed -lgcc_s --no-as-needed -lc -lgcc --as-needed -lgcc_s --no-as-needed /bin/../lib/gcc/x86_64-redhat-linux/4.8.5/crtend.o /bin/../lib/gcc/x86_64-redhat-linux/4.8.5/../../../../lib64/crtn.o]
    arg [/bin/ld] ==> ignore
    arg [-export-dynamic] ==> ignore
    arg [--hash-style=gnu] ==> ignore
    arg [--no-add-needed] ==> ignore
    arg [--build-id] ==> ignore
    arg [--eh-frame-hdr] ==> ignore
    arg [-m] ==> ignore
    arg [elf_x86_64] ==> ignore
    arg [-dynamic-linker] ==> ignore
    arg [/lib64/ld-linux-x86-64.so.2] ==> ignore
    arg [-o] ==> ignore
    arg [cmTryCompileExec3074878327] ==> ignore
    arg [/bin/../lib/gcc/x86_64-redhat-linux/4.8.5/../../../../lib64/crt1.o] ==> ignore
    arg [/bin/../lib/gcc/x86_64-redhat-linux/4.8.5/../../../../lib64/crti.o] ==> ignore
    arg [/bin/../lib/gcc/x86_64-redhat-linux/4.8.5/crtbegin.o] ==> ignore
    arg [-L/bin/../lib/gcc/x86_64-redhat-linux/4.8.5] ==> dir [/bin/../lib/gcc/x86_64-redhat-linux/4.8.5]
    arg [-L/bin/../lib/gcc/x86_64-redhat-linux/4.8.5/../../../../lib64] ==> dir [/bin/../lib/gcc/x86_64-redhat-linux/4.8.5/../../../../lib64]
    arg [-L/lib/../lib64] ==> dir [/lib/../lib64]
    arg [-L/usr/lib/../lib64] ==> dir [/usr/lib/../lib64]
    arg [-L/bin/../lib/gcc/x86_64-redhat-linux/4.8.5/../../..] ==> dir [/bin/../lib/gcc/x86_64-redhat-linux/4.8.5/../../..]
    arg [-L/lib] ==> dir [/lib]
    arg [-L/usr/lib] ==> dir [/usr/lib]
    arg [CMakeFiles/cmTryCompileExec3074878327.dir/CMakeCCompilerABI.c.o] ==> ignore
    arg [-lgcc] ==> lib [gcc]
    arg [--as-needed] ==> ignore
    arg [-lgcc_s] ==> lib [gcc_s]
    arg [--no-as-needed] ==> ignore
    arg [-lc] ==> lib [c]
    arg [-lgcc] ==> lib [gcc]
    arg [--as-needed] ==> ignore
    arg [-lgcc_s] ==> lib [gcc_s]
    arg [--no-as-needed] ==> ignore
    arg [/bin/../lib/gcc/x86_64-redhat-linux/4.8.5/crtend.o] ==> ignore
    arg [/bin/../lib/gcc/x86_64-redhat-linux/4.8.5/../../../../lib64/crtn.o] ==> ignore
  remove lib [gcc]
  remove lib [gcc_s]
  remove lib [gcc]
  remove lib [gcc_s]
  collapse library dir [/bin/../lib/gcc/x86_64-redhat-linux/4.8.5] ==> [/lib/gcc/x86_64-redhat-linux/4.8.5]
  collapse library dir [/bin/../lib/gcc/x86_64-redhat-linux/4.8.5/../../../../lib64] ==> [/lib64]
  collapse library dir [/lib/../lib64] ==> [/lib64]
  collapse library dir [/usr/lib/../lib64] ==> [/usr/lib64]
  collapse library dir [/bin/../lib/gcc/x86_64-redhat-linux/4.8.5/../../..] ==> [/lib]
  collapse library dir [/lib] ==> [/lib]
  collapse library dir [/usr/lib] ==> [/usr/lib]
  implicit libs: [c]
  implicit dirs: [/lib/gcc/x86_64-redhat-linux/4.8.5;/lib64;/usr/lib64;/lib;/usr/lib]
  implicit fwks: []


Determining if the CXX compiler works passed with the following output:
Change Dir: /opt/stack/github/ml/CMakeFiles/CMakeTmp

Run Build Command:/bin/gmake "cmTryCompileExec1438384/fast"
/bin/gmake -f CMakeFiles/cmTryCompileExec1438384.dir/build.make CMakeFiles/cmTryCompileExec1438384.dir/build
gmake[1]: Entering directory `/opt/stack/github/ml/CMakeFiles/CMakeTmp'
/usr/bin/cmake -E cmake_progress_report /opt/stack/github/ml/CMakeFiles/CMakeTmp/CMakeFiles 1
Building CXX object CMakeFiles/cmTryCompileExec1438384.dir/testCXXCompiler.cxx.o
/bin/clang++     -o CMakeFiles/cmTryCompileExec1438384.dir/testCXXCompiler.cxx.o -c /opt/stack/github/ml/CMakeFiles/CMakeTmp/testCXXCompiler.cxx
Linking CXX executable cmTryCompileExec1438384
/usr/bin/cmake -E cmake_link_script CMakeFiles/cmTryCompileExec1438384.dir/link.txt --verbose=1
/bin/clang++          CMakeFiles/cmTryCompileExec1438384.dir/testCXXCompiler.cxx.o  -o cmTryCompileExec1438384 -rdynamic 
gmake[1]: Leaving directory `/opt/stack/github/ml/CMakeFiles/CMakeTmp'


Detecting CXX compiler ABI info compiled with the following output:
Change Dir: /opt/stack/github/ml/CMakeFiles/CMakeTmp

Run Build Command:/bin/gmake "cmTryCompileExec3166811718/fast"
/bin/gmake -f CMakeFiles/cmTryCompileExec3166811718.dir/build.make CMakeFiles/cmTryCompileExec3166811718.dir/build
gmake[1]: Entering directory `/opt/stack/github/ml/CMakeFiles/CMakeTmp'
/usr/bin/cmake -E cmake_progress_report /opt/stack/github/ml/CMakeFiles/CMakeTmp/CMakeFiles 1
Building CXX object CMakeFiles/cmTryCompileExec3166811718.dir/CMakeCXXCompilerABI.cpp.o
/bin/clang++     -o CMakeFiles/cmTryCompileExec3166811718.dir/CMakeCXXCompilerABI.cpp.o -c /usr/share/cmake/Modules/CMakeCXXCompilerABI.cpp
Linking CXX executable cmTryCompileExec3166811718
/usr/bin/cmake -E cmake_link_script CMakeFiles/cmTryCompileExec3166811718.dir/link.txt --verbose=1
/bin/clang++        -v CMakeFiles/cmTryCompileExec3166811718.dir/CMakeCXXCompilerABI.cpp.o  -o cmTryCompileExec3166811718 -rdynamic  
clang version 3.4.2 (tags/RELEASE_34/dot2-final)
Target: x86_64-redhat-linux-gnu
Thread model: posix
Found candidate GCC installation: /bin/../lib/gcc/x86_64-redhat-linux/4.8.2
Found candidate GCC installation: /bin/../lib/gcc/x86_64-redhat-linux/4.8.5
Found candidate GCC installation: /usr/lib/gcc/x86_64-redhat-linux/4.8.2
Found candidate GCC installation: /usr/lib/gcc/x86_64-redhat-linux/4.8.5
Selected GCC installation: /bin/../lib/gcc/x86_64-redhat-linux/4.8.5
 "/bin/ld" -export-dynamic --hash-style=gnu --no-add-needed --build-id --eh-frame-hdr -m elf_x86_64 -dynamic-linker /lib64/ld-linux-x86-64.so.2 -o cmTryCompileExec3166811718 /bin/../lib/gcc/x86_64-redhat-linux/4.8.5/../../../../lib64/crt1.o /bin/../lib/gcc/x86_64-redhat-linux/4.8.5/../../../../lib64/crti.o /bin/../lib/gcc/x86_64-redhat-linux/4.8.5/crtbegin.o -L/bin/../lib/gcc/x86_64-redhat-linux/4.8.5 -L/bin/../lib/gcc/x86_64-redhat-linux/4.8.5/../../../../lib64 -L/lib/../lib64 -L/usr/lib/../lib64 -L/bin/../lib/gcc/x86_64-redhat-linux/4.8.5/../../.. -L/lib -L/usr/lib CMakeFiles/cmTryCompileExec3166811718.dir/CMakeCXXCompilerABI.cpp.o -lstdc++ -lm -lgcc_s -lgcc -lc -lgcc_s -lgcc /bin/../lib/gcc/x86_64-redhat-linux/4.8.5/crtend.o /bin/../lib/gcc/x86_64-redhat-linux/4.8.5/../../../../lib64/crtn.o
gmake[1]: Leaving directory `/opt/stack/github/ml/CMakeFiles/CMakeTmp'


Parsed CXX implicit link information from above output:
  link line regex: [^( *|.*[/\])(ld|ld|collect2)[^/\]*( |$)]
  ignore line: [Change Dir: /opt/stack/github/ml/CMakeFiles/CMakeTmp]
  ignore line: []
  ignore line: [Run Build Command:/bin/gmake "cmTryCompileExec3166811718/fast"]
  ignore line: [/bin/gmake -f CMakeFiles/cmTryCompileExec3166811718.dir/build.make CMakeFiles/cmTryCompileExec3166811718.dir/build]
  ignore line: [gmake[1]: Entering directory `/opt/stack/github/ml/CMakeFiles/CMakeTmp']
  ignore line: [/usr/bin/cmake -E cmake_progress_report /opt/stack/github/ml/CMakeFiles/CMakeTmp/CMakeFiles 1]
  ignore line: [Building CXX object CMakeFiles/cmTryCompileExec3166811718.dir/CMakeCXXCompilerABI.cpp.o]
  ignore line: [/bin/clang++     -o CMakeFiles/cmTryCompileExec3166811718.dir/CMakeCXXCompilerABI.cpp.o -c /usr/share/cmake/Modules/CMakeCXXCompilerABI.cpp]
  ignore line: [Linking CXX executable cmTryCompileExec3166811718]
  ignore line: [/usr/bin/cmake -E cmake_link_script CMakeFiles/cmTryCompileExec3166811718.dir/link.txt --verbose=1]
  ignore line: [/bin/clang++        -v CMakeFiles/cmTryCompileExec3166811718.dir/CMakeCXXCompilerABI.cpp.o  -o cmTryCompileExec3166811718 -rdynamic  ]
  ignore line: [clang version 3.4.2 (tags/RELEASE_34/dot2-final)]
  ignore line: [Target: x86_64-redhat-linux-gnu]
  ignore line: [Thread model: posix]
  ignore line: [Found candidate GCC installation: /bin/../lib/gcc/x86_64-redhat-linux/4.8.2]
  ignore line: [Found candidate GCC installation: /bin/../lib/gcc/x86_64-redhat-linux/4.8.5]
  ignore line: [Found candidate GCC installation: /usr/lib/gcc/x86_64-redhat-linux/4.8.2]
  ignore line: [Found candidate GCC installation: /usr/lib/gcc/x86_64-redhat-linux/4.8.5]
  ignore line: [Selected GCC installation: /bin/../lib/gcc/x86_64-redhat-linux/4.8.5]
  link line: [ "/bin/ld" -export-dynamic --hash-style=gnu --no-add-needed --build-id --eh-frame-hdr -m elf_x86_64 -dynamic-linker /lib64/ld-linux-x86-64.so.2 -o cmTryCompileExec3166811718 /bin/../lib/gcc/x86_64-redhat-linux/4.8.5/../../../../lib64/crt1.o /bin/../lib/gcc/x86_64-redhat-linux/4.8.5/../../../../lib64/crti.o /bin/../lib/gcc/x86_64-redhat-linux/4.8.5/crtbegin.o -L/bin/../lib/gcc/x86_64-redhat-linux/4.8.5 -L/bin/../lib/gcc/x86_64-redhat-linux/4.8.5/../../../../lib64 -L/lib/../lib64 -L/usr/lib/../lib64 -L/bin/../lib/gcc/x86_64-redhat-linux/4.8.5/../../.. -L/lib -L/usr/lib CMakeFiles/cmTryCompileExec3166811718.dir/CMakeCXXCompilerABI.cpp.o -lstdc++ -lm -lgcc_s -lgcc -lc -lgcc_s -lgcc /bin/../lib/gcc/x86_64-redhat-linux/4.8.5/crtend.o /bin/../lib/gcc/x86_64-redhat-linux/4.8.5/../../../../lib64/crtn.o]
    arg [/bin/ld] ==> ignore
    arg [-export-dynamic] ==> ignore
    arg [--hash-style=gnu] ==> ignore
    arg [--no-add-needed] ==> ignore
    arg [--build-id] ==> ignore
    arg [--eh-frame-hdr] ==> ignore
    arg [-m] ==> ignore
    arg [elf_x86_64] ==> ignore
    arg [-dynamic-linker] ==> ignore
    arg [/lib64/ld-linux-x86-64.so.2] ==> ignore
    arg [-o] ==> ignore
    arg [cmTryCompileExec3166811718] ==> ignore
    arg [/bin/../lib/gcc/x86_64-redhat-linux/4.8.5/../../../../lib64/crt1.o] ==> ignore
    arg [/bin/../lib/gcc/x86_64-redhat-linux/4.8.5/../../../../lib64/crti.o] ==> ignore
    arg [/bin/../lib/gcc/x86_64-redhat-linux/4.8.5/crtbegin.o] ==> ignore
    arg [-L/bin/../lib/gcc/x86_64-redhat-linux/4.8.5] ==> dir [/bin/../lib/gcc/x86_64-redhat-linux/4.8.5]
    arg [-L/bin/../lib/gcc/x86_64-redhat-linux/4.8.5/../../../../lib64] ==> dir [/bin/../lib/gcc/x86_64-redhat-linux/4.8.5/../../../../lib64]
    arg [-L/lib/../lib64] ==> dir [/lib/../lib64]
    arg [-L/usr/lib/../lib64] ==> dir [/usr/lib/../lib64]
    arg [-L/bin/../lib/gcc/x86_64-redhat-linux/4.8.5/../../..] ==> dir [/bin/../lib/gcc/x86_64-redhat-linux/4.8.5/../../..]
    arg [-L/lib] ==> dir [/lib]
    arg [-L/usr/lib] ==> dir [/usr/lib]
    arg [CMakeFiles/cmTryCompileExec3166811718.dir/CMakeCXXCompilerABI.cpp.o] ==> ignore
    arg [-lstdc++] ==> lib [stdc++]
    arg [-lm] ==> lib [m]
    arg [-lgcc_s] ==> lib [gcc_s]
    arg [-lgcc] ==> lib [gcc]
    arg [-lc] ==> lib [c]
    arg [-lgcc_s] ==> lib [gcc_s]
    arg [-lgcc] ==> lib [gcc]
    arg [/bin/../lib/gcc/x86_64-redhat-linux/4.8.5/crtend.o] ==> ignore
    arg [/bin/../lib/gcc/x86_64-redhat-linux/4.8.5/../../../../lib64/crtn.o] ==> ignore
  remove lib [gcc_s]
  remove lib [gcc]
  remove lib [gcc_s]
  remove lib [gcc]
  collapse library dir [/bin/../lib/gcc/x86_64-redhat-linux/4.8.5] ==> [/lib/gcc/x86_64-redhat-linux/4.8.5]
  collapse library dir [/bin/../lib/gcc/x86_64-redhat-linux/4.8.5/../../../../lib64] ==> [/lib64]
  collapse library dir [/lib/../lib64] ==> [/lib64]
  collapse library dir [/usr/lib/../lib64] ==> [/usr/lib64]
  collapse library dir [/bin/../lib/gcc/x86_64-redhat-linux/4.8.5/../../..] ==> [/lib]
  collapse library dir [/lib] ==> [/lib]
  collapse library dir [/usr/lib] ==> [/usr/lib]
  implicit libs: [stdc++;m;c]
  implicit dirs: [/lib/gcc/x86_64-redhat-linux/4.8.5;/lib64;/usr/lib64;/lib;/usr/lib]
  implicit fwks: []


